make all --print-data-base --no-builtin-variables --no-builtin-rules --question
# GNU Make 3.81
# Copyright (C) 2006  Free Software Foundation, Inc.
# This is free software; see the source for copying conditions.
# There is NO warranty; not even for MERCHANTABILITY or FITNESS FOR A
# PARTICULAR PURPOSE.

# This program built for i386-apple-darwin11.3.0
 
make: *** No rule to make target `obj/ft_is/ft_isalnum.o', needed by `libft.a'.  Stop.


# Make data base, printed on Mon Apr 18 05:49:10 2022

# Variables

# automatic
<D = $(patsubst %/,%,$(dir $<))
# automatic
?F = $(notdir $?)
# environment
VSCODE_LOG_NATIVE = false
# automatic
?D = $(patsubst %/,%,$(dir $?))
# makefile (from `Makefile', line 16)
INCLUDES = ../include
# automatic
@D = $(patsubst %/,%,$(dir $@))
# automatic
@F = $(notdir $@)
# makefile
CURDIR := /Users/mac/Desktop/42-project/ft_printf/_printf
# makefile
SHELL = /bin/sh
# makefile (from `Makefile', line 21)
RM = rm -f
# environment
VSCODE_NLS_CONFIG = {"locale":"en-us","availableLanguages":{},"_languagePackSupport":true}
# makefile (from `Makefile', line 45)
FTPUT = ft_putchar_fd ft_putendl_fd ft_putnbr_fd ft_putstr_fd
 
# environment
_ = /usr/bin/make
# makefile (from `Makefile', line 20)
CFLAGS = -Wall -Werror -Wextra -I
# makefile (from `Makefile', line 1)
MAKEFILE_LIST :=  Makefile
# makefile (from `Makefile', line 71)
OBJSF = .cache_exists
# environment
VSCODE_VERBOSE_LOGGING = true
# environment
__CFBundleIdentifier = com.microsoft.VSCode
# environment
VSCODE_IPC_HOOK_EXTHOST = /var/folders/t9/13mvjs3n10l5mx6x47rj4b5h0000gn/T/vscode-ipc-73f5a17b-85af-4ee3-a6fd-a4200f6bdd6b.sock
# environment
VSCODE_CWD = /
# makefile (from `Makefile', line 50)
FTSTR_DIR = ft_str/
# environment
PATH = /usr/bin:/bin:/usr/sbin:/sbin
# makefile (from `Makefile', line 47)
FTTO_DIR = ft_to/
# environment
LaunchInstanceID = BF8A15EF-F5E4-404C-A46E-BE0B6EDC2A23
# makefile (from `Makefile', line 22)
AR = ar rcs
# makefile (from `Makefile', line 17)
SRCS_DIR = src/
# environment
VSCODE_LOG_STACK = false
# makefile (from `Makefile', line 44)
FTPUT_DIR = ft_put/
# environment
ELECTRON_RUN_AS_NODE = 1
# makefile (from `Makefile', line 41)
FTMEM_DIR = ft_mem/
# default
.FEATURES := target-specific order-only second-expansion else-if archives jobserver check-symlink
# environment
SSH_AUTH_SOCK = /private/tmp/com.apple.launchd.bl3VwzHXMT/Listeners
# automatic
%F = $(notdir $%)
# environment
VSCODE_PIPE_LOGGING = true
# makefile (from `Makefile', line 67)
OBJS = $(addprefix $(OBJS_DIR), $(addsuffix .o, $(SRC_FILES)))
# environment
PWD = /Users/mac/Desktop/42-project/ft_printf/_printf
# makefile (from `Makefile', line 56)
FTLST = ft_lstadd_back ft_lstadd_front ft_lstclear ft_lstdelone ft_lstiter ft_lstlast ft_lstmap ft_lstnew ft_lstsize
# makefile (from `Makefile', line 51)
FTSTR = ft_split ft_strchr ft_strdup ft_striteri ft_strjoin ft_strlcat ft_strlcpy ft_strlen ft_strmapi ft_strncmp ft_strnstr ft_strrchr ft_strtrim ft_substr
# environment
ORIGINAL_XDG_CURRENT_DESKTOP = undefined
# environment
VSCODE_AMD_ENTRYPOINT = vs/workbench/api/node/extensionHostProcess
# environment
HOME = /Users/mac
# makefile (from `Makefile', line 48)
FTTO = ft_atoi ft_itoa ft_tolower ft_toupper
# default
MAKEFILEPATH := /Applications/Xcode.app/Contents/Developer/Makefiles
# environment
VSCODE_CODE_CACHE_PATH = /Users/mac/Library/Application Support/Code/CachedData/8dfae7a5cd50421d10cd99cb873990460525a898
# environment
LOGNAME = mac
# environment
APPLICATION_INSIGHTS_NO_DIAGNOSTIC_CHANNEL = 1
# makefile (from `Makefile', line 38)
FTIS_DIR = ft_is/
# environment
VSCODE_HANDLES_UNCAUGHT_ERRORS = true
# automatic
^D = $(patsubst %/,%,$(dir $^))
# environment
XPC_FLAGS = 0x0
# default
MAKE = $(MAKE_COMMAND)
# default
MAKECMDGOALS := all
# makefile (from `Makefile', line 66)
SRCS = $(addprefix $(SRCS_DIR), $(addsuffix .c, $(SRC_FILES)))
# environment
SHLVL = 1
# makefile (from `Makefile', line 42)
FTMEM = ft_bzero ft_calloc ft_memchr ft_memcmp ft_memmove ft_memset
# makefile (from `Makefile', line 19)
CC = gcc
# default
MAKE_VERSION := 3.81
# environment
USER = mac
# makefile
.DEFAULT_GOAL := all
# makefile (from `Makefile', line 15)
NAME = libft.a
# automatic
%D = $(patsubst %/,%,$(dir $%))
# default
MAKE_COMMAND := /Applications/Xcode.app/Contents/Developer/usr/bin/make
# default
.VARIABLES := 
# environment
TMPDIR = /var/folders/t9/13mvjs3n10l5mx6x47rj4b5h0000gn/T/
# automatic
*F = $(notdir $*)
# environment
VSCODE_IPC_HOOK = /Users/mac/Library/Application Support/Code/1.66.1-main.sock
# makefile
MAKEFLAGS = Rrqp
# environment
MFLAGS = -Rrqp
# automatic
*D = $(patsubst %/,%,$(dir $*))
 
# environment
XPC_SERVICE_NAME = application.com.microsoft.VSCode.12894397156.12894397162
# makefile (from `Makefile', line 18)
OBJS_DIR = obj/
# automatic
+D = $(patsubst %/,%,$(dir $+))
# makefile (from `Makefile', line 39)
FTIS = ft_isalnum ft_isalpha ft_isascii ft_isdigit ft_isprint
# automatic
+F = $(notdir $+)
# environment
__CF_USER_TEXT_ENCODING = 0x1F5:0x0:0x0
# environment
COMMAND_MODE = unix2003
# default
MAKEFILES := 
# automatic
<F = $(notdir $<)
# makefile (from `Makefile', line 55)
FTLST_DIR = ft_lst/
# environment
LC_ALL = C
# environment
SECURITYSESSIONID = 186a3
# automatic
^F = $(notdir $^)
# makefile (from `Makefile', line 64)
SRC_FILES = $(addprefix $(FTIS_DIR),$(FTIS)) $(addprefix $(FTMEM_DIR),$(FTMEM)) $(addprefix $(FTPUT_DIR),$(FTPUT)) $(addprefix $(FTTO_DIR),$(FTTO)) $(addprefix $(FTSTR_DIR),$(FTSTR)) $(addprefix $(FTLST_DIR),$(FTLST))
# default
SUFFIXES := 
# default
.INCLUDE_DIRS = /usr/local/include
# environment
MAKELEVEL := 0
# environment
LANG = C
# environment
VSCODE_PID = 444
# variable set hash-table stats:
# Load=88/1024=9%, Rehash=0, Collisions=9/144=6%

# Pattern-specific Variable Values

# No pattern-specific variable values.

# Directories

# . (device 16777225, inode 12895278892): 13 files, no impossibilities.
# src/ft_is (device 0, inode 0): No files, 1 impossibilities.
# src: could not be stat'd.

# 13 files, 1 impossibilities in 3 directories.

# Implicit Rules

obj/%.o: src/%.c | .cache_exists
#  commands to execute (from `Makefile', line 81):
	@echo "$(YELLOW)Compiling: $< $(DEF_COLOR)"
	@$(CC) $(CFLAGS) $(INCLUDES) -c $< -o $@
	

# 1 implicit rules, 0 (0.0%) terminal.

# Files

# Not a target:
obj/ft_mem/ft_memmove.o:
#  Implicit rule search has not been done.
#  Modification time never checked.
#  File has not been updated.

# Not a target:
obj/ft_str/ft_strrchr.o:
#  Implicit rule search has not been done.
#  Modification time never checked.
#  File has not been updated.

# Not a target:
obj/ft_str/ft_strjoin.o:
#  Implicit rule search has not been done.
#  Modification time never checked.
#  File has not been updated.

# Not a target:
obj/ft_str/ft_split.o:
#  Implicit rule search has not been done.
#  Modification time never checked.
#  File has not been updated.

# Not a target:
obj/ft_lst/ft_lstsize.o:
#  Implicit rule search has not been done.
#  Modification time never checked.
#  File has not been updated.

all: libft.a
#  Phony target (prerequisite of .PHONY).
#  Command-line target.
#  Implicit rule search has not been done.
#  File does not exist.
#  File has not been updated.
# variable set hash-table stats:
# Load=0/32=0%, Rehash=0, Collisions=0/0=0%

# Not a target:
obj/ft_is/ft_isascii.o:
#  Implicit rule search has not been done.
#  Modification time never checked.
#  File has not been updated.

.PHONY: all clean fclean re norm
#  Implicit rule search has not been done.
#  Modification time never checked.
#  File has not been updated.

# Not a target:
obj/ft_put/ft_putstr_fd.o:
#  Implicit rule search has not been done.
#  Modification time never checked.
#  File has not been updated.

# Not a target:
obj/ft_str/ft_strlcat.o:
#  Implicit rule search has not been done.
#  Modification time never checked.
#  File has not been updated.

# Not a target:
obj/ft_to/ft_toupper.o:
#  Implicit rule search has not been done.
#  Modification time never checked.
#  File has not been updated.

.cache_exists:
#  Implicit rule search has not been done.
#  Modification time never checked.
#  File has not been updated.
#  commands to execute (from `Makefile', line 85):
	@mkdir -p $(OBJS_DIR)
	@mkdir -p $(OBJS_DIR)$(FTIS_DIR)
	@mkdir -p $(OBJS_DIR)$(FTMEM_DIR)
	@mkdir -p $(OBJS_DIR)$(FTPUT_DIR)
	@mkdir -p $(OBJS_DIR)$(FTTO_DIR)
	@mkdir -p $(OBJS_DIR)$(FTSTR_DIR)
	@mkdir -p $(OBJS_DIR)$(FTLST_DIR)
	

# Not a target:
obj/ft_lst/ft_lstmap.o:
#  Implicit rule search has not been done.
#  Modification time never checked.
#  File has not been updated.

# Not a target:
obj/ft_put/ft_putchar_fd.o:
#  Implicit rule search has not been done.
#  Modification time never checked.
#  File has not been updated.

# Not a target:
obj/ft_lst/ft_lstadd_front.o:
#  Implicit rule search has not been done.
#  Modification time never checked.
#  File has not been updated.

# Not a target:
obj/ft_str/ft_striteri.o:
#  Implicit rule search has not been done.
#  Modification time never checked.
#  File has not been updated.

# Not a target:
.SUFFIXES:
#  Implicit rule search has not been done.
#  Modification time never checked.
#  File has not been updated.

# Not a target:
Makefile:
#  Implicit rule search has been done.
#  Last modified 2022-03-26 15:00:36
#  File has been updated.
#  Successfully updated.
# variable set hash-table stats:
# Load=0/32=0%, Rehash=0, Collisions=0/0=0%

# Not a target:
obj/ft_to/ft_atoi.o:
#  Implicit rule search has not been done.
#  Modification time never checked.
#  File has not been updated.

# Not a target:
obj/ft_is/ft_isdigit.o:
#  Implicit rule search has not been done.
#  Modification time never checked.
#  File has not been updated.

libft.a: obj/ft_is/ft_isalnum.o obj/ft_is/ft_isalpha.o obj/ft_is/ft_isascii.o obj/ft_is/ft_isdigit.o obj/ft_is/ft_isprint.o obj/ft_mem/ft_bzero.o obj/ft_mem/ft_calloc.o obj/ft_mem/ft_memchr.o obj/ft_mem/ft_memcmp.o obj/ft_mem/ft_memmove.o obj/ft_mem/ft_memset.o obj/ft_put/ft_putchar_fd.o obj/ft_put/ft_putendl_fd.o obj/ft_put/ft_putnbr_fd.o obj/ft_put/ft_putstr_fd.o obj/ft_to/ft_atoi.o obj/ft_to/ft_itoa.o obj/ft_to/ft_tolower.o obj/ft_to/ft_toupper.o obj/ft_str/ft_split.o obj/ft_str/ft_strchr.o obj/ft_str/ft_strdup.o obj/ft_str/ft_striteri.o obj/ft_str/ft_strjoin.o obj/ft_str/ft_strlcat.o obj/ft_str/ft_strlcpy.o obj/ft_str/ft_strlen.o obj/ft_str/ft_strmapi.o obj/ft_str/ft_strncmp.o obj/ft_str/ft_strnstr.o obj/ft_str/ft_strrchr.o obj/ft_str/ft_strtrim.o obj/ft_str/ft_substr.o obj/ft_lst/ft_lstadd_back.o obj/ft_lst/ft_lstadd_front.o obj/ft_lst/ft_lstclear.o obj/ft_lst/ft_lstdelone.o obj/ft_lst/ft_lstiter.o obj/ft_lst/ft_lstlast.o obj/ft_lst/ft_lstmap.o obj/ft_lst/ft_lstnew.o obj/ft_lst/ft_lstsize.o
 
#  Implicit rule search has not been done.
#  File does not exist.
#  File has not been updated.
# variable set hash-table stats:
# Load=0/32=0%, Rehash=0, Collisions=0/0=0%
#  commands to execute (from `Makefile', line 76):
	@$(AR) $(NAME) $(OBJS)
	@ranlib $(NAME)
	@echo "$(GREEN)Libft compiled!$(DEF_COLOR)"
	

# Not a target:
obj/ft_put/ft_putendl_fd.o:
#  Implicit rule search has not been done.
#  Modification time never checked.
#  File has not been updated.

# Not a target:
obj/ft_mem/ft_memcmp.o:
#  Implicit rule search has not been done.
#  Modification time never checked.
#  File has not been updated.

# Not a target:
obj/ft_str/ft_substr.o:
#  Implicit rule search has not been done.
#  Modification time never checked.
#  File has not been updated.

# Not a target:
obj/ft_mem/ft_memchr.o:
#  Implicit rule search has not been done.
#  Modification time never checked.
#  File has not been updated.

# Not a target:
obj/ft_mem/ft_memset.o:
#  Implicit rule search has not been done.
#  Modification time never checked.
#  File has not been updated.

# Not a target:
obj/ft_to/ft_itoa.o:
#  Implicit rule search has not been done.
#  Modification time never checked.
#  File has not been updated.

fclean: clean
#  Phony target (prerequisite of .PHONY).
#  Implicit rule search has not been done.
#  File does not exist.
#  File has not been updated.
#  commands to execute (from `Makefile', line 99):
	@$(RM) -f $(NAME)
	@echo "$(CYAN)libft executable files cleaned!$(DEF_COLOR)"
	

# Not a target:
obj/ft_lst/ft_lstadd_back.o:
#  Implicit rule search has not been done.
#  Modification time never checked.
#  File has not been updated.

# Not a target:
obj/ft_is/ft_isprint.o:
#  Implicit rule search has not been done.
#  Modification time never checked.
#  File has not been updated.

# Not a target:
obj/ft_str/ft_strlcpy.o:
#  Implicit rule search has not been done.
#  Modification time never checked.
#  File has not been updated.

norm:
#  Phony target (prerequisite of .PHONY).
#  Implicit rule search has not been done.
#  File does not exist.
#  File has not been updated.
#  commands to execute (from `Makefile', line 106):
	@norminette $(SRCS) $(INCLUDES) | grep -v Norme -B1 || true
	

# Not a target:
obj/ft_lst/ft_lstiter.o:
#  Implicit rule search has not been done.
#  Modification time never checked.
#  File has not been updated.

# Not a target:
obj/ft_str/ft_strncmp.o:
#  Implicit rule search has not been done.
#  Modification time never checked.
#  File has not been updated.

# Not a target:
obj/ft_to/ft_tolower.o:
#  Implicit rule search has not been done.
#  Modification time never checked.
#  File has not been updated.

# Not a target:
obj/ft_mem/ft_bzero.o:
#  Implicit rule search has not been done.
#  Modification time never checked.
#  File has not been updated.

# Not a target:
.DEFAULT:
#  Implicit rule search has not been done.
#  Modification time never checked.
#  File has not been updated.

# Not a target:
obj/ft_str/ft_strdup.o:
#  Implicit rule search has not been done.
#  Modification time never checked.
#  File has not been updated.

# Not a target:
obj/ft_str/ft_strchr.o:
#  Implicit rule search has not been done.
#  Modification time never checked.
#  File has not been updated.

# Not a target:
obj/ft_lst/ft_lstlast.o:
#  Implicit rule search has not been done.
#  Modification time never checked.
#  File has not been updated.

re: fclean all
#  Phony target (prerequisite of .PHONY).
#  Implicit rule search has not been done.
#  File does not exist.
#  File has not been updated.
#  commands to execute (from `Makefile', line 103):
	@echo "$(GREEN)Cleaned and rebuilt everything for libft!$(DEF_COLOR)"
	

clean:
#  Phony target (prerequisite of .PHONY).
#  Implicit rule search has not been done.
#  File does not exist.
#  File has not been updated.
#  commands to execute (from `Makefile', line 94):
	@$(RM) -rf $(OBJS_DIR)
	@$(RM) -f $(OBJSF)
	@echo "$(BLUE)libft objects files cleaned!$(DEF_COLOR)"
	

# Not a target:
obj/ft_str/ft_strnstr.o:
#  Implicit rule search has not been done.
#  Modification time never checked.
#  File has not been updated.

# Not a target:
obj/ft_lst/ft_lstdelone.o:
#  Implicit rule search has not been done.
#  Modification time never checked.
#  File has not been updated.

# Not a target:
obj/ft_lst/ft_lstclear.o:
#  Implicit rule search has not been done.
#  Modification time never checked.
#  File has not been updated.

# Not a target:
obj/ft_is/ft_isalpha.o:
#  Implicit rule search has not been done.
#  Modification time never checked.
#  File has not been updated.

# Not a target:
obj/ft_put/ft_putnbr_fd.o:
#  Implicit rule search has not been done.
#  Modification time never checked.
#  File has not been updated.

# Not a target:
obj/ft_mem/ft_calloc.o:
#  Implicit rule search has not been done.
#  Modification time never checked.
#  File has not been updated.

# Not a target:
obj/ft_str/ft_strtrim.o:
#  Implicit rule search has not been done.
#  Modification time never checked.
#  File has not been updated.

# Not a target:
obj/ft_str/ft_strmapi.o:
#  Implicit rule search has not been done.
#  Modification time never checked.
#  File has not been updated.

# Not a target:
obj/ft_is/ft_isalnum.o:
#  Implicit rule search has been done.
#  File does not exist.
#  File has not been updated.
# variable set hash-table stats:
# Load=0/32=0%, Rehash=0, Collisions=0/0=0%

# Not a target:
obj/ft_lst/ft_lstnew.o:
#  Implicit rule search has not been done.
#  Modification time never checked.
#  File has not been updated.

# Not a target:
obj/ft_str/ft_strlen.o:
#  Implicit rule search has not been done.
#  Modification time never checked.
#  File has not been updated.

# files hash-table stats:
# Load=53/1024=5%, Rehash=0, Collisions=2/119=2%
# VPATH Search Paths

# No `vpath' search paths.

# No general (`VPATH' variable) search path.

# # of strings in strcache: 1
# # of strcache buffers: 1
 
# strcache size: total = 4096 / max = 4096 / min = 4096 / avg = 4096
# strcache free: total = 4087 / max = 4087 / min = 4087 / avg = 4087

# Finished Make data base on Mon Apr 18 05:49:10 2022

 
